Flow report for dvp_capture
Mon Jan 02 21:15:29 2023
Quartus Prime Version 20.1.1 Build 720 11/11/2020 SJ Lite Edition


---------------------
; Table of Contents ;
---------------------
  1. Legal Notice
  2. Flow Summary
  3. Flow Settings
  4. Flow Non-Default Global Settings
  5. Flow Elapsed Time
  6. Flow OS Summary
  7. Flow Log
  8. Flow Messages
  9. Flow Suppressed Messages



----------------
; Legal Notice ;
----------------
Copyright (C) 2020  Intel Corporation. All rights reserved.
Your use of Intel Corporation's design tools, logic functions 
and other software and tools, and any partner logic 
functions, and any output files from any of the foregoing 
(including device programming or simulation files), and any 
associated documentation or information are expressly subject 
to the terms and conditions of the Intel Program License 
Subscription Agreement, the Intel Quartus Prime License Agreement,
the Intel FPGA IP License Agreement, or other applicable license
agreement, including, without limitation, that your use is for
the sole purpose of programming logic devices manufactured by
Intel and sold by Intel or its authorized distributors.  Please
refer to the applicable agreement for further details, at
https://fpgasoftware.intel.com/eula.



+----------------------------------------------------------------------------------+
; Flow Summary                                                                     ;
+------------------------------------+---------------------------------------------+
; Flow Status                        ; Successful - Mon Jan 02 21:15:19 2023       ;
; Quartus Prime Version              ; 20.1.1 Build 720 11/11/2020 SJ Lite Edition ;
; Revision Name                      ; dvp_capture                                 ;
; Top-level Entity Name              ; dvp_capture_top                             ;
; Family                             ; Cyclone IV E                                ;
; Device                             ; EP4CE6E22C8                                 ;
; Timing Models                      ; Final                                       ;
; Total logic elements               ; 3,452 / 6,272 ( 55 % )                      ;
;     Total combinational functions  ; 2,800 / 6,272 ( 45 % )                      ;
;     Dedicated logic registers      ; 2,273 / 6,272 ( 36 % )                      ;
; Total registers                    ; 2368                                        ;
; Total pins                         ; 84 / 92 ( 91 % )                            ;
; Total virtual pins                 ; 0                                           ;
; Total memory bits                  ; 51,200 / 276,480 ( 19 % )                   ;
; Embedded Multiplier 9-bit elements ; 4 / 30 ( 13 % )                             ;
; Total PLLs                         ; 2 / 2 ( 100 % )                             ;
+------------------------------------+---------------------------------------------+


+-----------------------------------------+
; Flow Settings                           ;
+-------------------+---------------------+
; Option            ; Setting             ;
+-------------------+---------------------+
; Start date & time ; 01/02/2023 21:14:16 ;
; Main task         ; Compilation         ;
; Revision Name     ; dvp_capture         ;
+-------------------+---------------------+


+-----------------------------------------------------------------------------------------------------------------------------------------------------+
; Flow Non-Default Global Settings                                                                                                                    ;
+-------------------------------------+----------------------------------------------------------------+---------------+-----------------+------------+
; Assignment Name                     ; Value                                                          ; Default Value ; Entity Name     ; Section Id ;
+-------------------------------------+----------------------------------------------------------------+---------------+-----------------+------------+
; COMPILER_SIGNATURE_ID               ; 53849985591009.167266165603244                                 ; --            ; --              ; --         ;
; MAX_CORE_JUNCTION_TEMP              ; 85                                                             ; --            ; --              ; --         ;
; MIN_CORE_JUNCTION_TEMP              ; 0                                                              ; --            ; --              ; --         ;
; MISC_FILE                           ; c4e_dvp_core/synthesis/../c4e_dvp_core.cmp                     ; --            ; --              ; --         ;
; MISC_FILE                           ; c4e_dvp_core/synthesis/../../c4e_dvp_core.qsys                 ; --            ; --              ; --         ;
; MISC_FILE                           ; ip/pll/syspll_bb.v                                             ; --            ; --              ; --         ;
; MISC_FILE                           ; ip/pll/syspll.ppf                                              ; --            ; --              ; --         ;
; MISC_FILE                           ; ip/pll/vgapll_bb.v                                             ; --            ; --              ; --         ;
; MISC_FILE                           ; ip/pll/vgapll.ppf                                              ; --            ; --              ; --         ;
; MISC_FILE                           ; ip/pll/wvgapll_bb.v                                            ; --            ; --              ; --         ;
; MISC_FILE                           ; ip/pll/wvgapll.ppf                                             ; --            ; --              ; --         ;
; MISC_FILE                           ; ip/pll/hdpll_bb.v                                              ; --            ; --              ; --         ;
; MISC_FILE                           ; ip/pll/hdpll.ppf                                               ; --            ; --              ; --         ;
; OUTPUT_IO_TIMING_FAR_END_VMEAS      ; Half Signal Swing                                              ; --            ; --              ; --         ;
; OUTPUT_IO_TIMING_FAR_END_VMEAS      ; Half Signal Swing                                              ; --            ; --              ; --         ;
; OUTPUT_IO_TIMING_NEAR_END_VMEAS     ; Half Vccio                                                     ; --            ; --              ; --         ;
; OUTPUT_IO_TIMING_NEAR_END_VMEAS     ; Half Vccio                                                     ; --            ; --              ; --         ;
; PARTITION_COLOR                     ; -- (Not supported for targeted family)                         ; --            ; dvp_capture_top ; Top        ;
; PARTITION_FITTER_PRESERVATION_LEVEL ; -- (Not supported for targeted family)                         ; --            ; dvp_capture_top ; Top        ;
; PARTITION_NETLIST_TYPE              ; -- (Not supported for targeted family)                         ; --            ; dvp_capture_top ; Top        ;
; POST_MODULE_SCRIPT_FILE             ; quartus_sh:auto_generate_jic.tcl                               ; --            ; --              ; --         ;
; POWER_BOARD_THERMAL_MODEL           ; None (CONSERVATIVE)                                            ; --            ; --              ; --         ;
; POWER_PRESET_COOLING_SOLUTION       ; 23 MM HEAT SINK WITH 200 LFPM AIRFLOW                          ; --            ; --              ; --         ;
; PROJECT_OUTPUT_DIRECTORY            ; output_files                                                   ; --            ; --              ; --         ;
; SLD_FILE                            ; c4e_dvp_core/synthesis/c4e_dvp_core.regmap                     ; --            ; --              ; --         ;
; SLD_FILE                            ; c4e_dvp_core/synthesis/c4e_dvp_core.debuginfo                  ; --            ; --              ; --         ;
; SLD_INFO                            ; QSYS_NAME c4e_dvp_core HAS_SOPCINFO 1 GENERATION_ID 1672661565 ; --            ; c4e_dvp_core    ; --         ;
; SOPCINFO_FILE                       ; c4e_dvp_core/synthesis/../../c4e_dvp_core.sopcinfo             ; --            ; --              ; --         ;
; SYNTHESIS_ONLY_QIP                  ; On                                                             ; --            ; --              ; --         ;
; TOP_LEVEL_ENTITY                    ; dvp_capture_top                                                ; dvp_capture   ; --              ; --         ;
+-------------------------------------+----------------------------------------------------------------+---------------+-----------------+------------+


+--------------------------------------------------------------------------------------------------------------------------+
; Flow Elapsed Time                                                                                                        ;
+----------------------+--------------+-------------------------+---------------------+------------------------------------+
; Module Name          ; Elapsed Time ; Average Processors Used ; Peak Virtual Memory ; Total CPU Time (on all processors) ;
+----------------------+--------------+-------------------------+---------------------+------------------------------------+
; Analysis & Synthesis ; 00:00:29     ; 1.0                     ; 4906 MB             ; 00:00:46                           ;
; Fitter               ; 00:00:25     ; 1.1                     ; 5565 MB             ; 00:00:35                           ;
; Assembler            ; 00:00:02     ; 1.0                     ; 4697 MB             ; 00:00:02                           ;
; Timing Analyzer      ; 00:00:06     ; 1.3                     ; 4811 MB             ; 00:00:07                           ;
; Total                ; 00:01:02     ; --                      ; --                  ; 00:01:30                           ;
+----------------------+--------------+-------------------------+---------------------+------------------------------------+


+------------------------------------------------------------------------------------+
; Flow OS Summary                                                                    ;
+----------------------+------------------+------------+------------+----------------+
; Module Name          ; Machine Hostname ; OS Name    ; OS Version ; Processor type ;
+----------------------+------------------+------------+------------+----------------+
; Analysis & Synthesis ; BRUENNHILDE      ; Windows 10 ; 10.0       ; x86_64         ;
; Fitter               ; BRUENNHILDE      ; Windows 10 ; 10.0       ; x86_64         ;
; Assembler            ; BRUENNHILDE      ; Windows 10 ; 10.0       ; x86_64         ;
; Timing Analyzer      ; BRUENNHILDE      ; Windows 10 ; 10.0       ; x86_64         ;
+----------------------+------------------+------------+------------+----------------+


------------
; Flow Log ;
------------
quartus_map --read_settings_files=on --write_settings_files=off dvp_capture -c dvp_capture
quartus_fit --read_settings_files=off --write_settings_files=off dvp_capture -c dvp_capture
quartus_asm --read_settings_files=off --write_settings_files=off dvp_capture -c dvp_capture
quartus_sta dvp_capture -c dvp_capture



